<?xml version="1.0" encoding="UTF-8"?>
<!-- Generated by org.testng.reporters.JUnitReportReporter -->
<testsuite skipped="0" hostname="DESKTOP-EHEFT3D" name="CIAutomation.MavenJenkinsGit.Search" tests="1" failures="0" timestamp="14 Jul 2020 18:54:50 GMT" time="13.832" errors="0">
  <testcase name="searchTest" time="13.832" classname="CIAutomation.MavenJenkinsGit.Search"/>
</testsuite> <!-- CIAutomation.MavenJenkinsGit.Search -->
